1575915346294	mozrunner::runner	INFO	Running command: "/usr/bin/firefox" "-marionette" "-foreground" "-no-remote" "-profile" "/tmp/rust_mozprofilehYNBAN"
1575915347013	addons.webextension.screenshots@mozilla.org	WARN	Loading extension 'screenshots@mozilla.org': Reading manifest: Invalid extension permission: mozillaAddons
1575915347013	addons.webextension.screenshots@mozilla.org	WARN	Loading extension 'screenshots@mozilla.org': Reading manifest: Invalid extension permission: telemetry
1575915347014	addons.webextension.screenshots@mozilla.org	WARN	Loading extension 'screenshots@mozilla.org': Reading manifest: Invalid extension permission: resource://pdf.js/
1575915347014	addons.webextension.screenshots@mozilla.org	WARN	Loading extension 'screenshots@mozilla.org': Reading manifest: Invalid extension permission: about:reader*
1575915349679	Marionette	INFO	Listening on port 36271
1575915349750	Marionette	WARN	TLS certificate errors will be ignored for this session
1575915353435	Marionette	INFO	Stopped listening on port 36271

###!!! [Child][RunMessage] Error: Channel closing: too late to send/recv, messages will be lost


###!!! [Child][RunMessage] Error: Channel closing: too late to send/recv, messages will be lost


###!!! [Child][RunMessage] Error: Channel closing: too late to send/recv, messages will be lost

1575915429699	mozrunner::runner	INFO	Running command: "/usr/bin/firefox" "-marionette" "-foreground" "-no-remote" "-profile" "/tmp/rust_mozprofile7qj7fc"
1575915430587	addons.webextension.screenshots@mozilla.org	WARN	Loading extension 'screenshots@mozilla.org': Reading manifest: Invalid extension permission: mozillaAddons
1575915430587	addons.webextension.screenshots@mozilla.org	WARN	Loading extension 'screenshots@mozilla.org': Reading manifest: Invalid extension permission: telemetry
1575915430588	addons.webextension.screenshots@mozilla.org	WARN	Loading extension 'screenshots@mozilla.org': Reading manifest: Invalid extension permission: resource://pdf.js/
1575915430588	addons.webextension.screenshots@mozilla.org	WARN	Loading extension 'screenshots@mozilla.org': Reading manifest: Invalid extension permission: about:reader*
1575915433257	Marionette	INFO	Listening on port 40481
1575915433312	Marionette	WARN	TLS certificate errors will be ignored for this session
1575915436177	Marionette	INFO	Stopped listening on port 40481
1575915578374	mozrunner::runner	INFO	Running command: "/usr/bin/firefox" "-marionette" "-foreground" "-no-remote" "-profile" "/tmp/rust_mozprofileiWy4Da"
1575915579046	addons.webextension.screenshots@mozilla.org	WARN	Loading extension 'screenshots@mozilla.org': Reading manifest: Invalid extension permission: mozillaAddons
1575915579047	addons.webextension.screenshots@mozilla.org	WARN	Loading extension 'screenshots@mozilla.org': Reading manifest: Invalid extension permission: telemetry
1575915579047	addons.webextension.screenshots@mozilla.org	WARN	Loading extension 'screenshots@mozilla.org': Reading manifest: Invalid extension permission: resource://pdf.js/
1575915579047	addons.webextension.screenshots@mozilla.org	WARN	Loading extension 'screenshots@mozilla.org': Reading manifest: Invalid extension permission: about:reader*
1575915581774	Marionette	INFO	Listening on port 34925
1575915581839	Marionette	WARN	TLS certificate errors will be ignored for this session
1575915583128	Marionette	INFO	Stopped listening on port 34925
1575915774169	mozrunner::runner	INFO	Running command: "/usr/bin/firefox" "-marionette" "-foreground" "-no-remote" "-profile" "/tmp/rust_mozprofilel1Yl8R"
1575915774825	addons.webextension.screenshots@mozilla.org	WARN	Loading extension 'screenshots@mozilla.org': Reading manifest: Invalid extension permission: mozillaAddons
1575915774826	addons.webextension.screenshots@mozilla.org	WARN	Loading extension 'screenshots@mozilla.org': Reading manifest: Invalid extension permission: telemetry
1575915774826	addons.webextension.screenshots@mozilla.org	WARN	Loading extension 'screenshots@mozilla.org': Reading manifest: Invalid extension permission: resource://pdf.js/
1575915774826	addons.webextension.screenshots@mozilla.org	WARN	Loading extension 'screenshots@mozilla.org': Reading manifest: Invalid extension permission: about:reader*
1575915777504	Marionette	INFO	Listening on port 36227
1575915777586	Marionette	WARN	TLS certificate errors will be ignored for this session
1575915790254	Marionette	INFO	Stopped listening on port 36227
1575915877048	mozrunner::runner	INFO	Running command: "/usr/bin/firefox" "-marionette" "-foreground" "-no-remote" "-profile" "/tmp/rust_mozprofileKYWbDO"
1575915877727	addons.webextension.screenshots@mozilla.org	WARN	Loading extension 'screenshots@mozilla.org': Reading manifest: Invalid extension permission: mozillaAddons
1575915877727	addons.webextension.screenshots@mozilla.org	WARN	Loading extension 'screenshots@mozilla.org': Reading manifest: Invalid extension permission: telemetry
1575915877728	addons.webextension.screenshots@mozilla.org	WARN	Loading extension 'screenshots@mozilla.org': Reading manifest: Invalid extension permission: resource://pdf.js/
1575915877728	addons.webextension.screenshots@mozilla.org	WARN	Loading extension 'screenshots@mozilla.org': Reading manifest: Invalid extension permission: about:reader*
1575915880490	Marionette	INFO	Listening on port 35473
1575915880557	Marionette	WARN	TLS certificate errors will be ignored for this session
1575915895603	Marionette	INFO	Stopped listening on port 35473
1575915944455	mozrunner::runner	INFO	Running command: "/usr/bin/firefox" "-marionette" "-foreground" "-no-remote" "-profile" "/tmp/rust_mozprofiledwmm7f"
1575915945223	addons.webextension.screenshots@mozilla.org	WARN	Loading extension 'screenshots@mozilla.org': Reading manifest: Invalid extension permission: mozillaAddons
1575915945223	addons.webextension.screenshots@mozilla.org	WARN	Loading extension 'screenshots@mozilla.org': Reading manifest: Invalid extension permission: telemetry
1575915945224	addons.webextension.screenshots@mozilla.org	WARN	Loading extension 'screenshots@mozilla.org': Reading manifest: Invalid extension permission: resource://pdf.js/
1575915945224	addons.webextension.screenshots@mozilla.org	WARN	Loading extension 'screenshots@mozilla.org': Reading manifest: Invalid extension permission: about:reader*
1575915948246	Marionette	INFO	Listening on port 39441
1575915948276	Marionette	WARN	TLS certificate errors will be ignored for this session
JavaScript warning: https://www.uol.com.br/camaleao/assets/web/home.js?v=1drbmufsm&promiseSupport=true, line 118: unreachable code after return statement
JavaScript warning: https://tm.jsuol.com.br/uoltm.js?id=chygcf, line 1: unreachable code after return statement
JavaScript warning: https://tm.jsuol.com.br/uoltm.js?id=chygcf, line 1: unreachable code after return statement
JavaScript warning: https://tm.jsuol.com.br/modules/client-purge.js, line 1: unreachable code after return statement
JavaScript warning: https://tm.jsuol.com.br/modules/client-purge.js, line 1: unreachable code after return statement
JavaScript warning: https://t.dynad.net/script/?dc=5550003061;ord=1575915963940;click=, line 22: unreachable code after return statement
JavaScript warning: https://t.dynad.net/script/?dc=5550003061;ord=1575915963940;click=, line 22: unreachable code after return statement
JavaScript warning: https://t.dynad.net/script/?dc=5550003062;ord=1575915963941;click=, line 22: unreachable code after return statement
JavaScript warning: https://t.dynad.net/script/?dc=5550003062;ord=1575915963941;click=, line 22: unreachable code after return statement
console.error: BroadcastService: 
  receivedBroadcastMessage: handler for
  remote-settings/monitor_changes
  threw error:
  Message: Error: Polling for changes failed: http://%(server)s/dummy/blocklist//buckets/monitor/collections/changes/records?_expected=%221575911440640%22 is not a valid URL..
  Stack:
    remoteSettingsFunction/remoteSettings.pollChanges@resource://services-settings/remote-settings.js:201:13

1575915973951	Marionette	INFO	Stopped listening on port 39441
[Parent 27604, Gecko_IOThread] WARNING: pipe error (129): Connection reset by peer: file /build/firefox-izpums/firefox-68.0+build3/ipc/chromium/src/chrome/common/ipc_channel_posix.cc, line 358
1575916005979	mozrunner::runner	INFO	Running command: "/usr/bin/firefox" "-marionette" "-foreground" "-no-remote" "-profile" "/tmp/rust_mozprofileXeT0aZ"
1575916006684	addons.webextension.screenshots@mozilla.org	WARN	Loading extension 'screenshots@mozilla.org': Reading manifest: Invalid extension permission: mozillaAddons
1575916006685	addons.webextension.screenshots@mozilla.org	WARN	Loading extension 'screenshots@mozilla.org': Reading manifest: Invalid extension permission: telemetry
1575916006685	addons.webextension.screenshots@mozilla.org	WARN	Loading extension 'screenshots@mozilla.org': Reading manifest: Invalid extension permission: resource://pdf.js/
1575916006685	addons.webextension.screenshots@mozilla.org	WARN	Loading extension 'screenshots@mozilla.org': Reading manifest: Invalid extension permission: about:reader*
1575916009626	Marionette	INFO	Listening on port 41117
1575916009692	Marionette	WARN	TLS certificate errors will be ignored for this session
JavaScript warning: https://www.uol.com.br/camaleao/assets/web/home.js?v=1drbmufsm&promiseSupport=true, line 118: unreachable code after return statement
JavaScript warning: https://tm.jsuol.com.br/uoltm.js?id=chygcf, line 1: unreachable code after return statement
JavaScript warning: https://tm.jsuol.com.br/uoltm.js?id=chygcf, line 1: unreachable code after return statement
1575916017805	Marionette	INFO	Stopped listening on port 41117
1575916744469	mozrunner::runner	INFO	Running command: "/usr/bin/firefox" "-marionette" "-foreground" "-no-remote" "-profile" "/tmp/rust_mozprofile9cgG7v"
1575916745102	addons.webextension.screenshots@mozilla.org	WARN	Loading extension 'screenshots@mozilla.org': Reading manifest: Invalid extension permission: mozillaAddons
1575916745103	addons.webextension.screenshots@mozilla.org	WARN	Loading extension 'screenshots@mozilla.org': Reading manifest: Invalid extension permission: telemetry
1575916745103	addons.webextension.screenshots@mozilla.org	WARN	Loading extension 'screenshots@mozilla.org': Reading manifest: Invalid extension permission: resource://pdf.js/
1575916745103	addons.webextension.screenshots@mozilla.org	WARN	Loading extension 'screenshots@mozilla.org': Reading manifest: Invalid extension permission: about:reader*
1575916747703	Marionette	INFO	Listening on port 34053
1575916747785	Marionette	WARN	TLS certificate errors will be ignored for this session
JavaScript warning: https://www.uol.com.br/camaleao/assets/web/home.js?v=1drbmufsm&promiseSupport=true, line 118: unreachable code after return statement
JavaScript warning: https://tm.jsuol.com.br/uoltm.js?id=chygcf, line 1: unreachable code after return statement
JavaScript warning: https://tm.jsuol.com.br/uoltm.js?id=chygcf, line 1: unreachable code after return statement
1575916760152	Marionette	INFO	Stopped listening on port 34053
JavaScript warning: https://tm.jsuol.com.br/modules/client-purge.js, line 1: unreachable code after return statement
[Child 31290, Chrome_ChildThread] WARNING: pipe error: Broken pipe: file /build/firefox-izpums/firefox-68.0+build3/ipc/chromium/src/chrome/common/ipc_channel_posix.cc, line 727
[Parent 31217, Gecko_IOThread] WARNING: pipe error (115): Connection reset by peer: file /build/firefox-izpums/firefox-68.0+build3/ipc/chromium/src/chrome/common/ipc_channel_posix.cc, line 358
